{"/Users/nathananderson/Sites/repos/verifyjs/src/services/dependency-manager.ts": {"path":"/Users/nathananderson/Sites/repos/verifyjs/src/services/dependency-manager.ts","statementMap":{"0":{"start":{"line":8,"column":0},"end":{"line":77,"column":0}},"1":{"start":{"line":9,"column":10},"end":{"line":9,"column":49}},"2":{"start":{"line":19,"column":10},"end":{"line":22,"column":3}},"3":{"start":{"line":20,"column":4},"end":{"line":20,"column":34}},"4":{"start":{"line":21,"column":4},"end":{"line":21,"column":48}},"5":{"start":{"line":34,"column":10},"end":{"line":36,"column":3}},"6":{"start":{"line":35,"column":4},"end":{"line":35,"column":31}},"7":{"start":{"line":45,"column":2},"end":{"line":53,"column":3}},"8":{"start":{"line":45,"column":2},"end":{"line":53,"column":2}},"9":{"start":{"line":45,"column":6},"end":{"line":45,"column":29}},"10":{"start":{"line":45,"column":6},"end":{"line":45,"column":30}},"11":{"start":{"line":46,"column":4},"end":{"line":52,"column":7}},"12":{"start":{"line":47,"column":20},"end":{"line":47,"column":32}},"13":{"start":{"line":48,"column":6},"end":{"line":50,"column":7}},"14":{"start":{"line":49,"column":8},"end":{"line":49,"column":37}},"15":{"start":{"line":51,"column":6},"end":{"line":51,"column":56}},"16":{"start":{"line":64,"column":2},"end":{"line":66,"column":3}},"17":{"start":{"line":65,"column":4},"end":{"line":65,"column":54}},"18":{"start":{"line":74,"column":2},"end":{"line":76,"column":3}},"19":{"start":{"line":75,"column":4},"end":{"line":75,"column":23}},"20":{"start":{"line":77,"column":0},"end":{"line":77,"column":1}},"21":{"start":{"line":8,"column":13},"end":{"line":8,"column":30}},"22":{"start":{"line":80,"column":24},"end":{"line":80,"column":47}},"23":{"start":{"line":81,"column":9},"end":{"line":81,"column":26}}},"fnMap":{"0":{"name":"(anonymous_0)","decl":{"start":{"line":8,"column":0},"end":{"line":null,"column":-1}},"loc":{"start":{"line":8,"column":0},"end":{"line":8,"column":-1}}},"1":{"name":"(anonymous_2)","decl":{"start":{"line":19,"column":2},"end":{"line":19,"column":19}},"loc":{"start":{"line":19,"column":46},"end":{"line":22,"column":3}}},"2":{"name":"(anonymous_3)","decl":{"start":{"line":34,"column":2},"end":{"line":34,"column":28}},"loc":{"start":{"line":34,"column":41},"end":{"line":36,"column":3}}},"3":{"name":"(anonymous_4)","decl":{"start":{"line":45,"column":2},"end":{"line":null,"column":-1}},"loc":{"start":{"line":45,"column":2},"end":{"line":53,"column":3}}},"4":{"name":"(anonymous_5)","decl":{"start":{"line":46,"column":27},"end":{"line":46,"column":27}},"loc":{"start":{"line":46,"column":40},"end":{"line":52,"column":5}}},"5":{"name":"(anonymous_6)","decl":{"start":{"line":64,"column":2},"end":{"line":64,"column":8}},"loc":{"start":{"line":64,"column":37},"end":{"line":66,"column":3}}},"6":{"name":"(anonymous_7)","decl":{"start":{"line":74,"column":2},"end":{"line":null,"column":-1}},"loc":{"start":{"line":74,"column":2},"end":{"line":76,"column":3}}}},"branchMap":{"0":{"loc":{"start":{"line":48,"column":6},"end":{"line":50,"column":7}},"type":"if","locations":[{"start":{"line":48,"column":6},"end":{"line":50,"column":7}},{"start":{"line":48,"column":6},"end":{"line":50,"column":7}}]}},"s":{"0":1,"1":1,"2":1,"3":5,"4":5,"5":1,"6":5,"7":1,"8":2,"9":2,"10":5,"11":2,"12":5,"13":5,"14":4,"15":5,"16":1,"17":5,"18":1,"19":2,"20":1,"21":1,"22":1,"23":1},"f":{"0":2,"1":5,"2":5,"3":2,"4":5,"5":5,"6":2},"b":{"0":[4,1]}}
,"/Users/nathananderson/Sites/repos/verifyjs/src/services/parameter.ts": {"path":"/Users/nathananderson/Sites/repos/verifyjs/src/services/parameter.ts","statementMap":{"0":{"start":{"line":7,"column":0},"end":{"line":16,"column":1}},"1":{"start":{"line":8,"column":2},"end":{"line":8,"column":6}},"2":{"start":{"line":9,"column":2},"end":{"line":9,"column":11}},"3":{"start":{"line":10,"column":2},"end":{"line":10,"column":8}},"4":{"start":{"line":11,"column":2},"end":{"line":11,"column":8}},"5":{"start":{"line":12,"column":2},"end":{"line":12,"column":9}},"6":{"start":{"line":13,"column":2},"end":{"line":13,"column":7}},"7":{"start":{"line":14,"column":2},"end":{"line":14,"column":6}},"8":{"start":{"line":15,"column":2},"end":{"line":15,"column":9}},"9":{"start":{"line":25,"column":0},"end":{"line":165,"column":0}},"10":{"start":{"line":34,"column":2},"end":{"line":54,"column":3}},"11":{"start":{"line":35,"column":4},"end":{"line":52,"column":5}},"12":{"start":{"line":36,"column":6},"end":{"line":36,"column":41}},"13":{"start":{"line":37,"column":11},"end":{"line":52,"column":5}},"14":{"start":{"line":38,"column":6},"end":{"line":38,"column":36}},"15":{"start":{"line":39,"column":11},"end":{"line":52,"column":5}},"16":{"start":{"line":40,"column":6},"end":{"line":40,"column":38}},"17":{"start":{"line":41,"column":11},"end":{"line":52,"column":5}},"18":{"start":{"line":42,"column":6},"end":{"line":42,"column":38}},"19":{"start":{"line":43,"column":11},"end":{"line":52,"column":5}},"20":{"start":{"line":44,"column":6},"end":{"line":44,"column":39}},"21":{"start":{"line":45,"column":11},"end":{"line":52,"column":5}},"22":{"start":{"line":47,"column":6},"end":{"line":51,"column":7}},"23":{"start":{"line":48,"column":8},"end":{"line":48,"column":39}},"24":{"start":{"line":49,"column":13},"end":{"line":51,"column":7}},"25":{"start":{"line":50,"column":8},"end":{"line":50,"column":38}},"26":{"start":{"line":53,"column":4},"end":{"line":53,"column":37}},"27":{"start":{"line":64,"column":2},"end":{"line":66,"column":3}},"28":{"start":{"line":65,"column":4},"end":{"line":65,"column":42}},"29":{"start":{"line":76,"column":2},"end":{"line":78,"column":3}},"30":{"start":{"line":77,"column":4},"end":{"line":77,"column":60}},"31":{"start":{"line":88,"column":2},"end":{"line":91,"column":3}},"32":{"start":{"line":89,"column":4},"end":{"line":89,"column":44}},"33":{"start":{"line":89,"column":29},"end":{"line":89,"column":42}},"34":{"start":{"line":90,"column":4},"end":{"line":90,"column":77}},"35":{"start":{"line":101,"column":2},"end":{"line":104,"column":3}},"36":{"start":{"line":102,"column":4},"end":{"line":102,"column":44}},"37":{"start":{"line":102,"column":29},"end":{"line":102,"column":42}},"38":{"start":{"line":103,"column":4},"end":{"line":103,"column":34}},"39":{"start":{"line":114,"column":2},"end":{"line":117,"column":3}},"40":{"start":{"line":115,"column":4},"end":{"line":115,"column":44}},"41":{"start":{"line":115,"column":29},"end":{"line":115,"column":42}},"42":{"start":{"line":116,"column":4},"end":{"line":116,"column":66}},"43":{"start":{"line":130,"column":2},"end":{"line":133,"column":3}},"44":{"start":{"line":131,"column":4},"end":{"line":131,"column":44}},"45":{"start":{"line":131,"column":29},"end":{"line":131,"column":42}},"46":{"start":{"line":132,"column":4},"end":{"line":132,"column":61}},"47":{"start":{"line":146,"column":2},"end":{"line":150,"column":3}},"48":{"start":{"line":147,"column":4},"end":{"line":147,"column":44}},"49":{"start":{"line":147,"column":29},"end":{"line":147,"column":42}},"50":{"start":{"line":148,"column":12},"end":{"line":148,"column":29}},"51":{"start":{"line":149,"column":4},"end":{"line":149,"column":49}},"52":{"start":{"line":160,"column":2},"end":{"line":164,"column":3}},"53":{"start":{"line":161,"column":4},"end":{"line":161,"column":44}},"54":{"start":{"line":161,"column":29},"end":{"line":161,"column":42}},"55":{"start":{"line":162,"column":13},"end":{"line":162,"column":165}},"56":{"start":{"line":163,"column":4},"end":{"line":163,"column":28}},"57":{"start":{"line":165,"column":0},"end":{"line":165,"column":1}},"58":{"start":{"line":25,"column":13},"end":{"line":25,"column":22}}},"fnMap":{"0":{"name":"(anonymous_0)","decl":{"start":{"line":7,"column":0},"end":{"line":7,"column":11}},"loc":{"start":{"line":7,"column":29},"end":{"line":16,"column":1}}},"1":{"name":"(anonymous_1)","decl":{"start":{"line":25,"column":0},"end":{"line":null,"column":-1}},"loc":{"start":{"line":25,"column":0},"end":{"line":25,"column":-1}}},"2":{"name":"(anonymous_3)","decl":{"start":{"line":34,"column":2},"end":{"line":34,"column":13}},"loc":{"start":{"line":34,"column":24},"end":{"line":54,"column":3}}},"3":{"name":"(anonymous_4)","decl":{"start":{"line":64,"column":2},"end":{"line":64,"column":11}},"loc":{"start":{"line":64,"column":22},"end":{"line":66,"column":3}}},"4":{"name":"(anonymous_5)","decl":{"start":{"line":76,"column":2},"end":{"line":76,"column":7}},"loc":{"start":{"line":76,"column":18},"end":{"line":78,"column":3}}},"5":{"name":"(anonymous_6)","decl":{"start":{"line":88,"column":2},"end":{"line":88,"column":8}},"loc":{"start":{"line":88,"column":19},"end":{"line":91,"column":3}}},"6":{"name":"(anonymous_7)","decl":{"start":{"line":101,"column":2},"end":{"line":101,"column":9}},"loc":{"start":{"line":101,"column":20},"end":{"line":104,"column":3}}},"7":{"name":"(anonymous_8)","decl":{"start":{"line":114,"column":2},"end":{"line":114,"column":10}},"loc":{"start":{"line":114,"column":21},"end":{"line":117,"column":3}}},"8":{"name":"(anonymous_9)","decl":{"start":{"line":130,"column":2},"end":{"line":130,"column":10}},"loc":{"start":{"line":130,"column":21},"end":{"line":133,"column":3}}},"9":{"name":"(anonymous_10)","decl":{"start":{"line":146,"column":2},"end":{"line":146,"column":7}},"loc":{"start":{"line":146,"column":18},"end":{"line":150,"column":3}}},"10":{"name":"(anonymous_11)","decl":{"start":{"line":160,"column":2},"end":{"line":160,"column":9}},"loc":{"start":{"line":160,"column":20},"end":{"line":164,"column":3}}}},"branchMap":{"0":{"loc":{"start":{"line":7,"column":12},"end":{"line":7,"column":29}},"type":"binary-expr","locations":[{"start":{"line":7,"column":12},"end":{"line":7,"column":29}},{"start":{"line":7,"column":12},"end":{"line":7,"column":29}}]},"1":{"loc":{"start":{"line":35,"column":4},"end":{"line":52,"column":5}},"type":"if","locations":[{"start":{"line":35,"column":4},"end":{"line":52,"column":5}},{"start":{"line":35,"column":4},"end":{"line":52,"column":5}}]},"2":{"loc":{"start":{"line":37,"column":11},"end":{"line":52,"column":5}},"type":"if","locations":[{"start":{"line":37,"column":11},"end":{"line":52,"column":5}},{"start":{"line":37,"column":11},"end":{"line":52,"column":5}}]},"3":{"loc":{"start":{"line":39,"column":11},"end":{"line":52,"column":5}},"type":"if","locations":[{"start":{"line":39,"column":11},"end":{"line":52,"column":5}},{"start":{"line":39,"column":11},"end":{"line":52,"column":5}}]},"4":{"loc":{"start":{"line":41,"column":11},"end":{"line":52,"column":5}},"type":"if","locations":[{"start":{"line":41,"column":11},"end":{"line":52,"column":5}},{"start":{"line":41,"column":11},"end":{"line":52,"column":5}}]},"5":{"loc":{"start":{"line":43,"column":11},"end":{"line":52,"column":5}},"type":"if","locations":[{"start":{"line":43,"column":11},"end":{"line":52,"column":5}},{"start":{"line":43,"column":11},"end":{"line":52,"column":5}}]},"6":{"loc":{"start":{"line":45,"column":11},"end":{"line":52,"column":5}},"type":"if","locations":[{"start":{"line":45,"column":11},"end":{"line":52,"column":5}},{"start":{"line":45,"column":11},"end":{"line":52,"column":5}}]},"7":{"loc":{"start":{"line":47,"column":6},"end":{"line":51,"column":7}},"type":"if","locations":[{"start":{"line":47,"column":6},"end":{"line":51,"column":7}},{"start":{"line":47,"column":6},"end":{"line":51,"column":7}}]},"8":{"loc":{"start":{"line":49,"column":13},"end":{"line":51,"column":7}},"type":"if","locations":[{"start":{"line":49,"column":13},"end":{"line":51,"column":7}},{"start":{"line":49,"column":13},"end":{"line":51,"column":7}}]},"9":{"loc":{"start":{"line":77,"column":12},"end":{"line":77,"column":40}},"type":"binary-expr","locations":[{"start":{"line":77,"column":12},"end":{"line":77,"column":40}},{"start":{"line":77,"column":44},"end":{"line":77,"column":58}}]},"10":{"loc":{"start":{"line":89,"column":4},"end":{"line":89,"column":44}},"type":"if","locations":[{"start":{"line":89,"column":4},"end":{"line":89,"column":44}},{"start":{"line":89,"column":4},"end":{"line":89,"column":44}}]},"11":{"loc":{"start":{"line":90,"column":12},"end":{"line":90,"column":35}},"type":"binary-expr","locations":[{"start":{"line":90,"column":12},"end":{"line":90,"column":35}},{"start":{"line":90,"column":39},"end":{"line":90,"column":75}}]},"12":{"loc":{"start":{"line":102,"column":4},"end":{"line":102,"column":44}},"type":"if","locations":[{"start":{"line":102,"column":4},"end":{"line":102,"column":44}},{"start":{"line":102,"column":4},"end":{"line":102,"column":44}}]},"13":{"loc":{"start":{"line":115,"column":4},"end":{"line":115,"column":44}},"type":"if","locations":[{"start":{"line":115,"column":4},"end":{"line":115,"column":44}},{"start":{"line":115,"column":4},"end":{"line":115,"column":44}}]},"14":{"loc":{"start":{"line":116,"column":12},"end":{"line":116,"column":37}},"type":"binary-expr","locations":[{"start":{"line":116,"column":12},"end":{"line":116,"column":37}},{"start":{"line":116,"column":41},"end":{"line":116,"column":64}}]},"15":{"loc":{"start":{"line":131,"column":4},"end":{"line":131,"column":44}},"type":"if","locations":[{"start":{"line":131,"column":4},"end":{"line":131,"column":44}},{"start":{"line":131,"column":4},"end":{"line":131,"column":44}}]},"16":{"loc":{"start":{"line":132,"column":14},"end":{"line":132,"column":38}},"type":"binary-expr","locations":[{"start":{"line":132,"column":14},"end":{"line":132,"column":38}},{"start":{"line":132,"column":42},"end":{"line":132,"column":58}}]},"17":{"loc":{"start":{"line":147,"column":4},"end":{"line":147,"column":44}},"type":"if","locations":[{"start":{"line":147,"column":4},"end":{"line":147,"column":44}},{"start":{"line":147,"column":4},"end":{"line":147,"column":44}}]},"18":{"loc":{"start":{"line":149,"column":14},"end":{"line":149,"column":26}},"type":"binary-expr","locations":[{"start":{"line":149,"column":14},"end":{"line":149,"column":26}},{"start":{"line":149,"column":30},"end":{"line":149,"column":46}}]},"19":{"loc":{"start":{"line":161,"column":4},"end":{"line":161,"column":44}},"type":"if","locations":[{"start":{"line":161,"column":4},"end":{"line":161,"column":44}},{"start":{"line":161,"column":4},"end":{"line":161,"column":44}}]}},"s":{"0":1,"1":1,"2":1,"3":1,"4":1,"5":1,"6":1,"7":1,"8":1,"9":1,"10":1,"11":16,"12":1,"13":15,"14":1,"15":14,"16":2,"17":12,"18":3,"19":9,"20":2,"21":7,"22":7,"23":4,"24":3,"25":2,"26":1,"27":1,"28":4,"29":1,"30":89,"31":1,"32":10,"33":1,"34":9,"35":1,"36":13,"37":1,"38":12,"39":1,"40":7,"41":1,"42":6,"43":1,"44":18,"45":2,"46":16,"47":1,"48":16,"49":2,"50":14,"51":14,"52":1,"53":17,"54":2,"55":15,"56":15,"57":1,"58":1},"f":{"0":1,"1":18,"2":16,"3":4,"4":89,"5":10,"6":13,"7":7,"8":18,"9":16,"10":17},"b":{"0":[1,1],"1":[1,15],"2":[1,14],"3":[2,12],"4":[3,9],"5":[2,7],"6":[7,0],"7":[4,3],"8":[2,1],"9":[89,85],"10":[1,9],"11":[9,7],"12":[1,12],"13":[1,6],"14":[6,3],"15":[2,16],"16":[16,12],"17":[2,14],"18":[14,11],"19":[2,15]}}
}
