{"/Users/nathananderson/Sites/repos/verifyjs/src/services/dependency-manager.ts": {"path":"/Users/nathananderson/Sites/repos/verifyjs/src/services/dependency-manager.ts","statementMap":{"0":{"start":{"line":8,"column":0},"end":{"line":77,"column":0}},"1":{"start":{"line":9,"column":10},"end":{"line":9,"column":49}},"2":{"start":{"line":19,"column":10},"end":{"line":22,"column":3}},"3":{"start":{"line":20,"column":4},"end":{"line":20,"column":34}},"4":{"start":{"line":21,"column":4},"end":{"line":21,"column":48}},"5":{"start":{"line":34,"column":10},"end":{"line":36,"column":3}},"6":{"start":{"line":35,"column":4},"end":{"line":35,"column":31}},"7":{"start":{"line":45,"column":2},"end":{"line":53,"column":3}},"8":{"start":{"line":45,"column":2},"end":{"line":53,"column":2}},"9":{"start":{"line":45,"column":6},"end":{"line":45,"column":29}},"10":{"start":{"line":45,"column":6},"end":{"line":45,"column":30}},"11":{"start":{"line":46,"column":4},"end":{"line":52,"column":7}},"12":{"start":{"line":47,"column":20},"end":{"line":47,"column":32}},"13":{"start":{"line":48,"column":6},"end":{"line":50,"column":7}},"14":{"start":{"line":49,"column":8},"end":{"line":49,"column":37}},"15":{"start":{"line":51,"column":6},"end":{"line":51,"column":56}},"16":{"start":{"line":64,"column":2},"end":{"line":66,"column":3}},"17":{"start":{"line":65,"column":4},"end":{"line":65,"column":54}},"18":{"start":{"line":74,"column":2},"end":{"line":76,"column":3}},"19":{"start":{"line":75,"column":4},"end":{"line":75,"column":23}},"20":{"start":{"line":77,"column":0},"end":{"line":77,"column":1}},"21":{"start":{"line":8,"column":13},"end":{"line":8,"column":30}},"22":{"start":{"line":80,"column":24},"end":{"line":80,"column":47}},"23":{"start":{"line":81,"column":9},"end":{"line":81,"column":26}}},"fnMap":{"0":{"name":"(anonymous_0)","decl":{"start":{"line":8,"column":0},"end":{"line":null,"column":-1}},"loc":{"start":{"line":8,"column":0},"end":{"line":8,"column":-1}}},"1":{"name":"(anonymous_2)","decl":{"start":{"line":19,"column":2},"end":{"line":19,"column":19}},"loc":{"start":{"line":19,"column":46},"end":{"line":22,"column":3}}},"2":{"name":"(anonymous_3)","decl":{"start":{"line":34,"column":2},"end":{"line":34,"column":28}},"loc":{"start":{"line":34,"column":41},"end":{"line":36,"column":3}}},"3":{"name":"(anonymous_4)","decl":{"start":{"line":45,"column":2},"end":{"line":null,"column":-1}},"loc":{"start":{"line":45,"column":2},"end":{"line":53,"column":3}}},"4":{"name":"(anonymous_5)","decl":{"start":{"line":46,"column":27},"end":{"line":46,"column":27}},"loc":{"start":{"line":46,"column":40},"end":{"line":52,"column":5}}},"5":{"name":"(anonymous_6)","decl":{"start":{"line":64,"column":2},"end":{"line":64,"column":8}},"loc":{"start":{"line":64,"column":37},"end":{"line":66,"column":3}}},"6":{"name":"(anonymous_7)","decl":{"start":{"line":74,"column":2},"end":{"line":null,"column":-1}},"loc":{"start":{"line":74,"column":2},"end":{"line":76,"column":3}}}},"branchMap":{"0":{"loc":{"start":{"line":48,"column":6},"end":{"line":50,"column":7}},"type":"if","locations":[{"start":{"line":48,"column":6},"end":{"line":50,"column":7}},{"start":{"line":48,"column":6},"end":{"line":50,"column":7}}]}},"s":{"0":1,"1":1,"2":1,"3":5,"4":5,"5":1,"6":5,"7":1,"8":2,"9":2,"10":5,"11":2,"12":5,"13":5,"14":4,"15":5,"16":1,"17":5,"18":1,"19":2,"20":1,"21":1,"22":1,"23":1},"f":{"0":2,"1":5,"2":5,"3":2,"4":5,"5":5,"6":2},"b":{"0":[4,1]}}
,"/Users/nathananderson/Sites/repos/verifyjs/src/services/parameter.service.ts": {"path":"/Users/nathananderson/Sites/repos/verifyjs/src/services/parameter.service.ts","statementMap":{"0":{"start":{"line":7,"column":0},"end":{"line":16,"column":1}},"1":{"start":{"line":8,"column":2},"end":{"line":8,"column":6}},"2":{"start":{"line":9,"column":2},"end":{"line":9,"column":11}},"3":{"start":{"line":10,"column":2},"end":{"line":10,"column":8}},"4":{"start":{"line":11,"column":2},"end":{"line":11,"column":8}},"5":{"start":{"line":12,"column":2},"end":{"line":12,"column":9}},"6":{"start":{"line":13,"column":2},"end":{"line":13,"column":7}},"7":{"start":{"line":14,"column":2},"end":{"line":14,"column":6}},"8":{"start":{"line":15,"column":2},"end":{"line":15,"column":9}},"9":{"start":{"line":25,"column":0},"end":{"line":203,"column":0}},"10":{"start":{"line":34,"column":2},"end":{"line":54,"column":3}},"11":{"start":{"line":35,"column":4},"end":{"line":52,"column":5}},"12":{"start":{"line":36,"column":6},"end":{"line":36,"column":41}},"13":{"start":{"line":37,"column":11},"end":{"line":52,"column":5}},"14":{"start":{"line":38,"column":6},"end":{"line":38,"column":36}},"15":{"start":{"line":39,"column":11},"end":{"line":52,"column":5}},"16":{"start":{"line":40,"column":6},"end":{"line":40,"column":38}},"17":{"start":{"line":41,"column":11},"end":{"line":52,"column":5}},"18":{"start":{"line":42,"column":6},"end":{"line":42,"column":38}},"19":{"start":{"line":43,"column":11},"end":{"line":52,"column":5}},"20":{"start":{"line":44,"column":6},"end":{"line":44,"column":39}},"21":{"start":{"line":45,"column":11},"end":{"line":52,"column":5}},"22":{"start":{"line":47,"column":6},"end":{"line":51,"column":7}},"23":{"start":{"line":48,"column":8},"end":{"line":48,"column":39}},"24":{"start":{"line":49,"column":13},"end":{"line":51,"column":7}},"25":{"start":{"line":50,"column":8},"end":{"line":50,"column":38}},"26":{"start":{"line":53,"column":4},"end":{"line":53,"column":37}},"27":{"start":{"line":64,"column":2},"end":{"line":83,"column":3}},"28":{"start":{"line":65,"column":4},"end":{"line":82,"column":5}},"29":{"start":{"line":67,"column":8},"end":{"line":67,"column":27}},"30":{"start":{"line":69,"column":8},"end":{"line":69,"column":22}},"31":{"start":{"line":71,"column":8},"end":{"line":71,"column":24}},"32":{"start":{"line":73,"column":8},"end":{"line":73,"column":24}},"33":{"start":{"line":75,"column":8},"end":{"line":75,"column":25}},"34":{"start":{"line":77,"column":8},"end":{"line":77,"column":23}},"35":{"start":{"line":79,"column":8},"end":{"line":79,"column":22}},"36":{"start":{"line":81,"column":8},"end":{"line":81,"column":25}},"37":{"start":{"line":93,"column":2},"end":{"line":95,"column":3}},"38":{"start":{"line":94,"column":4},"end":{"line":94,"column":42}},"39":{"start":{"line":105,"column":2},"end":{"line":107,"column":3}},"40":{"start":{"line":106,"column":4},"end":{"line":106,"column":60}},"41":{"start":{"line":117,"column":2},"end":{"line":120,"column":3}},"42":{"start":{"line":118,"column":4},"end":{"line":118,"column":44}},"43":{"start":{"line":118,"column":29},"end":{"line":118,"column":42}},"44":{"start":{"line":119,"column":4},"end":{"line":119,"column":77}},"45":{"start":{"line":130,"column":2},"end":{"line":133,"column":3}},"46":{"start":{"line":131,"column":4},"end":{"line":131,"column":44}},"47":{"start":{"line":131,"column":29},"end":{"line":131,"column":42}},"48":{"start":{"line":132,"column":4},"end":{"line":132,"column":34}},"49":{"start":{"line":143,"column":2},"end":{"line":146,"column":3}},"50":{"start":{"line":144,"column":4},"end":{"line":144,"column":44}},"51":{"start":{"line":144,"column":29},"end":{"line":144,"column":42}},"52":{"start":{"line":145,"column":4},"end":{"line":145,"column":66}},"53":{"start":{"line":156,"column":2},"end":{"line":160,"column":3}},"54":{"start":{"line":156,"column":23},"end":{"line":156,"column":61}},"55":{"start":{"line":157,"column":4},"end":{"line":157,"column":67}},"56":{"start":{"line":157,"column":52},"end":{"line":157,"column":65}},"57":{"start":{"line":158,"column":4},"end":{"line":158,"column":71}},"58":{"start":{"line":158,"column":56},"end":{"line":158,"column":69}},"59":{"start":{"line":159,"column":4},"end":{"line":159,"column":61}},"60":{"start":{"line":170,"column":2},"end":{"line":175,"column":3}},"61":{"start":{"line":170,"column":20},"end":{"line":170,"column":53}},"62":{"start":{"line":171,"column":4},"end":{"line":171,"column":44}},"63":{"start":{"line":171,"column":29},"end":{"line":171,"column":42}},"64":{"start":{"line":172,"column":4},"end":{"line":172,"column":66}},"65":{"start":{"line":172,"column":51},"end":{"line":172,"column":64}},"66":{"start":{"line":173,"column":12},"end":{"line":173,"column":29}},"67":{"start":{"line":174,"column":4},"end":{"line":174,"column":49}},"68":{"start":{"line":185,"column":2},"end":{"line":189,"column":3}},"69":{"start":{"line":186,"column":4},"end":{"line":186,"column":44}},"70":{"start":{"line":186,"column":29},"end":{"line":186,"column":42}},"71":{"start":{"line":187,"column":13},"end":{"line":187,"column":165}},"72":{"start":{"line":188,"column":4},"end":{"line":188,"column":28}},"73":{"start":{"line":199,"column":2},"end":{"line":202,"column":3}},"74":{"start":{"line":200,"column":4},"end":{"line":200,"column":44}},"75":{"start":{"line":200,"column":29},"end":{"line":200,"column":42}},"76":{"start":{"line":201,"column":4},"end":{"line":201,"column":40}},"77":{"start":{"line":203,"column":0},"end":{"line":203,"column":1}},"78":{"start":{"line":25,"column":13},"end":{"line":25,"column":29}}},"fnMap":{"0":{"name":"(anonymous_0)","decl":{"start":{"line":7,"column":0},"end":{"line":7,"column":11}},"loc":{"start":{"line":7,"column":29},"end":{"line":16,"column":1}}},"1":{"name":"(anonymous_1)","decl":{"start":{"line":25,"column":0},"end":{"line":null,"column":-1}},"loc":{"start":{"line":25,"column":0},"end":{"line":25,"column":-1}}},"2":{"name":"(anonymous_3)","decl":{"start":{"line":34,"column":2},"end":{"line":34,"column":13}},"loc":{"start":{"line":34,"column":24},"end":{"line":54,"column":3}}},"3":{"name":"(anonymous_4)","decl":{"start":{"line":64,"column":2},"end":{"line":64,"column":21}},"loc":{"start":{"line":64,"column":32},"end":{"line":83,"column":3}}},"4":{"name":"(anonymous_5)","decl":{"start":{"line":93,"column":2},"end":{"line":93,"column":11}},"loc":{"start":{"line":93,"column":22},"end":{"line":95,"column":3}}},"5":{"name":"(anonymous_6)","decl":{"start":{"line":105,"column":2},"end":{"line":105,"column":7}},"loc":{"start":{"line":105,"column":18},"end":{"line":107,"column":3}}},"6":{"name":"(anonymous_7)","decl":{"start":{"line":117,"column":2},"end":{"line":117,"column":8}},"loc":{"start":{"line":117,"column":19},"end":{"line":120,"column":3}}},"7":{"name":"(anonymous_8)","decl":{"start":{"line":130,"column":2},"end":{"line":130,"column":9}},"loc":{"start":{"line":130,"column":20},"end":{"line":133,"column":3}}},"8":{"name":"(anonymous_9)","decl":{"start":{"line":143,"column":2},"end":{"line":143,"column":10}},"loc":{"start":{"line":143,"column":21},"end":{"line":146,"column":3}}},"9":{"name":"(anonymous_10)","decl":{"start":{"line":156,"column":2},"end":{"line":156,"column":10}},"loc":{"start":{"line":156,"column":61},"end":{"line":160,"column":3}}},"10":{"name":"(anonymous_11)","decl":{"start":{"line":170,"column":2},"end":{"line":170,"column":7}},"loc":{"start":{"line":170,"column":53},"end":{"line":175,"column":3}}},"11":{"name":"(anonymous_12)","decl":{"start":{"line":185,"column":2},"end":{"line":185,"column":9}},"loc":{"start":{"line":185,"column":20},"end":{"line":189,"column":3}}},"12":{"name":"(anonymous_13)","decl":{"start":{"line":199,"column":2},"end":{"line":199,"column":11}},"loc":{"start":{"line":199,"column":22},"end":{"line":202,"column":3}}}},"branchMap":{"0":{"loc":{"start":{"line":7,"column":12},"end":{"line":7,"column":29}},"type":"binary-expr","locations":[{"start":{"line":7,"column":12},"end":{"line":7,"column":29}},{"start":{"line":7,"column":12},"end":{"line":7,"column":29}}]},"1":{"loc":{"start":{"line":35,"column":4},"end":{"line":52,"column":5}},"type":"if","locations":[{"start":{"line":35,"column":4},"end":{"line":52,"column":5}},{"start":{"line":35,"column":4},"end":{"line":52,"column":5}}]},"2":{"loc":{"start":{"line":37,"column":11},"end":{"line":52,"column":5}},"type":"if","locations":[{"start":{"line":37,"column":11},"end":{"line":52,"column":5}},{"start":{"line":37,"column":11},"end":{"line":52,"column":5}}]},"3":{"loc":{"start":{"line":39,"column":11},"end":{"line":52,"column":5}},"type":"if","locations":[{"start":{"line":39,"column":11},"end":{"line":52,"column":5}},{"start":{"line":39,"column":11},"end":{"line":52,"column":5}}]},"4":{"loc":{"start":{"line":41,"column":11},"end":{"line":52,"column":5}},"type":"if","locations":[{"start":{"line":41,"column":11},"end":{"line":52,"column":5}},{"start":{"line":41,"column":11},"end":{"line":52,"column":5}}]},"5":{"loc":{"start":{"line":43,"column":11},"end":{"line":52,"column":5}},"type":"if","locations":[{"start":{"line":43,"column":11},"end":{"line":52,"column":5}},{"start":{"line":43,"column":11},"end":{"line":52,"column":5}}]},"6":{"loc":{"start":{"line":45,"column":11},"end":{"line":52,"column":5}},"type":"if","locations":[{"start":{"line":45,"column":11},"end":{"line":52,"column":5}},{"start":{"line":45,"column":11},"end":{"line":52,"column":5}}]},"7":{"loc":{"start":{"line":47,"column":6},"end":{"line":51,"column":7}},"type":"if","locations":[{"start":{"line":47,"column":6},"end":{"line":51,"column":7}},{"start":{"line":47,"column":6},"end":{"line":51,"column":7}}]},"8":{"loc":{"start":{"line":49,"column":13},"end":{"line":51,"column":7}},"type":"if","locations":[{"start":{"line":49,"column":13},"end":{"line":51,"column":7}},{"start":{"line":49,"column":13},"end":{"line":51,"column":7}}]},"9":{"loc":{"start":{"line":66,"column":6},"end":{"line":67,"column":27}},"type":"switch","locations":[{"start":{"line":66,"column":6},"end":{"line":67,"column":27}},{"start":{"line":68,"column":6},"end":{"line":69,"column":22}},{"start":{"line":70,"column":6},"end":{"line":71,"column":24}},{"start":{"line":72,"column":6},"end":{"line":73,"column":24}},{"start":{"line":74,"column":6},"end":{"line":75,"column":25}},{"start":{"line":76,"column":6},"end":{"line":77,"column":23}},{"start":{"line":78,"column":6},"end":{"line":79,"column":22}},{"start":{"line":80,"column":6},"end":{"line":81,"column":25}}]},"10":{"loc":{"start":{"line":106,"column":12},"end":{"line":106,"column":40}},"type":"binary-expr","locations":[{"start":{"line":106,"column":12},"end":{"line":106,"column":40}},{"start":{"line":106,"column":44},"end":{"line":106,"column":58}}]},"11":{"loc":{"start":{"line":118,"column":4},"end":{"line":118,"column":44}},"type":"if","locations":[{"start":{"line":118,"column":4},"end":{"line":118,"column":44}},{"start":{"line":118,"column":4},"end":{"line":118,"column":44}}]},"12":{"loc":{"start":{"line":119,"column":12},"end":{"line":119,"column":35}},"type":"binary-expr","locations":[{"start":{"line":119,"column":12},"end":{"line":119,"column":35}},{"start":{"line":119,"column":39},"end":{"line":119,"column":75}}]},"13":{"loc":{"start":{"line":131,"column":4},"end":{"line":131,"column":44}},"type":"if","locations":[{"start":{"line":131,"column":4},"end":{"line":131,"column":44}},{"start":{"line":131,"column":4},"end":{"line":131,"column":44}}]},"14":{"loc":{"start":{"line":144,"column":4},"end":{"line":144,"column":44}},"type":"if","locations":[{"start":{"line":144,"column":4},"end":{"line":144,"column":44}},{"start":{"line":144,"column":4},"end":{"line":144,"column":44}}]},"15":{"loc":{"start":{"line":145,"column":12},"end":{"line":145,"column":37}},"type":"binary-expr","locations":[{"start":{"line":145,"column":12},"end":{"line":145,"column":37}},{"start":{"line":145,"column":41},"end":{"line":145,"column":64}}]},"16":{"loc":{"start":{"line":156,"column":23},"end":{"line":156,"column":61}},"type":"if","locations":[{"start":{"line":156,"column":23},"end":{"line":156,"column":61}},{"start":{"line":156,"column":23},"end":{"line":156,"column":61}}]},"17":{"loc":{"start":{"line":157,"column":4},"end":{"line":157,"column":67}},"type":"if","locations":[{"start":{"line":157,"column":4},"end":{"line":157,"column":67}},{"start":{"line":157,"column":4},"end":{"line":157,"column":67}}]},"18":{"loc":{"start":{"line":157,"column":7},"end":{"line":157,"column":25}},"type":"binary-expr","locations":[{"start":{"line":157,"column":7},"end":{"line":157,"column":25}},{"start":{"line":157,"column":29},"end":{"line":157,"column":48}}]},"19":{"loc":{"start":{"line":158,"column":4},"end":{"line":158,"column":71}},"type":"if","locations":[{"start":{"line":158,"column":4},"end":{"line":158,"column":71}},{"start":{"line":158,"column":4},"end":{"line":158,"column":71}}]},"20":{"loc":{"start":{"line":158,"column":7},"end":{"line":158,"column":27}},"type":"binary-expr","locations":[{"start":{"line":158,"column":7},"end":{"line":158,"column":27}},{"start":{"line":158,"column":31},"end":{"line":158,"column":53}}]},"21":{"loc":{"start":{"line":159,"column":14},"end":{"line":159,"column":38}},"type":"binary-expr","locations":[{"start":{"line":159,"column":14},"end":{"line":159,"column":38}},{"start":{"line":159,"column":42},"end":{"line":159,"column":58}}]},"22":{"loc":{"start":{"line":170,"column":20},"end":{"line":170,"column":53}},"type":"if","locations":[{"start":{"line":170,"column":20},"end":{"line":170,"column":53}},{"start":{"line":170,"column":20},"end":{"line":170,"column":53}}]},"23":{"loc":{"start":{"line":171,"column":4},"end":{"line":171,"column":44}},"type":"if","locations":[{"start":{"line":171,"column":4},"end":{"line":171,"column":44}},{"start":{"line":171,"column":4},"end":{"line":171,"column":44}}]},"24":{"loc":{"start":{"line":172,"column":4},"end":{"line":172,"column":66}},"type":"if","locations":[{"start":{"line":172,"column":4},"end":{"line":172,"column":66}},{"start":{"line":172,"column":4},"end":{"line":172,"column":66}}]},"25":{"loc":{"start":{"line":172,"column":7},"end":{"line":172,"column":27}},"type":"binary-expr","locations":[{"start":{"line":172,"column":7},"end":{"line":172,"column":27}},{"start":{"line":172,"column":31},"end":{"line":172,"column":48}}]},"26":{"loc":{"start":{"line":174,"column":14},"end":{"line":174,"column":26}},"type":"binary-expr","locations":[{"start":{"line":174,"column":14},"end":{"line":174,"column":26}},{"start":{"line":174,"column":30},"end":{"line":174,"column":46}}]},"27":{"loc":{"start":{"line":186,"column":4},"end":{"line":186,"column":44}},"type":"if","locations":[{"start":{"line":186,"column":4},"end":{"line":186,"column":44}},{"start":{"line":186,"column":4},"end":{"line":186,"column":44}}]},"28":{"loc":{"start":{"line":200,"column":4},"end":{"line":200,"column":44}},"type":"if","locations":[{"start":{"line":200,"column":4},"end":{"line":200,"column":44}},{"start":{"line":200,"column":4},"end":{"line":200,"column":44}}]}},"s":{"0":1,"1":1,"2":1,"3":1,"4":1,"5":1,"6":1,"7":1,"8":1,"9":1,"10":1,"11":24,"12":2,"13":22,"14":2,"15":20,"16":3,"17":17,"18":4,"19":13,"20":3,"21":10,"22":10,"23":5,"24":5,"25":3,"26":2,"27":1,"28":8,"29":1,"30":1,"31":1,"32":1,"33":1,"34":1,"35":1,"36":1,"37":1,"38":28,"39":1,"40":233,"41":1,"42":12,"43":1,"44":11,"45":1,"46":53,"47":1,"48":52,"49":1,"50":69,"51":1,"52":68,"53":1,"54":75,"55":39,"56":8,"57":31,"58":9,"59":22,"60":1,"61":29,"62":16,"63":2,"64":14,"65":5,"66":9,"67":9,"68":1,"69":17,"70":2,"71":15,"72":15,"73":1,"74":19,"75":2,"76":17,"77":1,"78":1},"f":{"0":1,"1":21,"2":24,"3":8,"4":28,"5":233,"6":12,"7":53,"8":69,"9":39,"10":16,"11":17,"12":19},"b":{"0":[1,1],"1":[2,22],"2":[2,20],"3":[3,17],"4":[4,13],"5":[3,10],"6":[10,0],"7":[5,5],"8":[3,2],"9":[1,1,1,1,1,1,1,1],"10":[233,228],"11":[1,11],"12":[11,9],"13":[1,52],"14":[1,68],"15":[68,41],"16":[36,3],"17":[8,31],"18":[39,37],"19":[9,22],"20":[31,12],"21":[22,13],"22":[13,3],"23":[2,14],"24":[5,9],"25":[14,8],"26":[9,9],"27":[2,15],"28":[2,17]}}
}
